E:\SCIGAME\GAMESCI\DEBUG\CANIMATIONMANAGER.OBJ
E:\SCIGAME\GAMESCI\DEBUG\CANIMATIONSTATE.OBJ
E:\SCIGAME\GAMESCI\DEBUG\CANIMSET.OBJ
E:\SCIGAME\GAMESCI\DEBUG\CNAMEANIMPAIRTRANSLATOR.OBJ
E:\SCIGAME\GAMESCI\DEBUG\CTIMEDANIMATIONFRAME.OBJ
E:\SCIGAME\GAMESCI\DEBUG\CDRAWABLEMANAGER.OBJ
E:\SCIGAME\GAMESCI\DEBUG\IDRAWABLE.OBJ
E:\SCIGAME\GAMESCI\DEBUG\CGAME.OBJ
E:\SCIGAME\GAMESCI\DEBUG\CGAMEPROPERTIES.OBJ
E:\SCIGAME\GAMESCI\DEBUG\CLOGIC.OBJ
E:\SCIGAME\GAMESCI\DEBUG\CPHYSICALMANAGER.OBJ
E:\SCIGAME\GAMESCI\DEBUG\CPHYSICAL.OBJ
E:\SCIGAME\GAMESCI\DEBUG\CACTOR.OBJ
E:\SCIGAME\GAMESCI\DEBUG\CENEMY.OBJ
E:\SCIGAME\GAMESCI\DEBUG\CPLAYER.OBJ
E:\SCIGAME\GAMESCI\DEBUG\CWEATHER.OBJ
E:\SCIGAME\GAMESCI\DEBUG\CACTORTEMPLATE.OBJ
E:\SCIGAME\GAMESCI\DEBUG\CENEMYTEMPLATE.OBJ
E:\SCIGAME\GAMESCI\DEBUG\CPHYSICALTEMPLATE.OBJ
E:\SCIGAME\GAMESCI\DEBUG\CPLAYERTEMPLATE.OBJ
E:\SCIGAME\GAMESCI\DEBUG\CROBOT.OBJ
E:\SCIGAME\GAMESCI\DEBUG\CBULLETTEMPLATE.OBJ
E:\SCIGAME\GAMESCI\DEBUG\CBULLET.OBJ
E:\SCIGAME\GAMESCI\DEBUG\MAIN.OBJ
E:\SCIGAME\GAMESCI\DEBUG\CFONT.OBJ
E:\SCIGAME\GAMESCI\DEBUG\CMUSIC.OBJ
E:\SCIGAME\GAMESCI\DEBUG\CRESOURCEMANAGER.OBJ
E:\SCIGAME\GAMESCI\DEBUG\CSOUND.OBJ
E:\SCIGAME\GAMESCI\DEBUG\CTEXTURE.OBJ
E:\SCIGAME\GAMESCI\DEBUG\IRESOURCE.OBJ
E:\SCIGAME\GAMESCI\DEBUG\CSINGLETONCLEANER.OBJ
E:\SCIGAME\GAMESCI\DEBUG\STRINGUTILS.OBJ
E:\SCIGAME\GAMESCI\DEBUG\CCLOCK.OBJ
E:\SCIGAME\GAMESCI\DEBUG\CFPS.OBJ
E:\SCIGAME\GAMESCI\DEBUG\CXML.OBJ
E:\SCIGAME\GAMESCI\DEBUG\CDISPLAYABLE.OBJ
E:\SCIGAME\GAMESCI\DEBUG\CSPRITE.OBJ
E:\SCIGAME\GAMESCI\DEBUG\CANIMATION.OBJ
E:\SCIGAME\GAMESCI\DEBUG\CANIMATIONFRAME.OBJ
E:\SCIGAME\GAMESCI\DEBUG\VC110.PDB
E:\SCIGAME\GAMESCI\DEBUG\CMAPOBJECTTYPE.OBJ
E:\SCIGAME\GAMESCI\DEBUG\CMAPOBJECTDESCRIPTOR.OBJ
E:\SCIGAME\GAMESCI\DEBUG\CMAPA.OBJ
C:\USERS\DAMIAN\DOCUMENTS\GITHUB\SCIGAME\GAMESCI\DEBUG\CANIMATIONMANAGER.OBJ
C:\USERS\DAMIAN\DOCUMENTS\GITHUB\SCIGAME\GAMESCI\DEBUG\CANIMATIONSTATE.OBJ
C:\USERS\DAMIAN\DOCUMENTS\GITHUB\SCIGAME\GAMESCI\DEBUG\CANIMSET.OBJ
C:\USERS\DAMIAN\DOCUMENTS\GITHUB\SCIGAME\GAMESCI\DEBUG\CNAMEANIMPAIRTRANSLATOR.OBJ
C:\USERS\DAMIAN\DOCUMENTS\GITHUB\SCIGAME\GAMESCI\DEBUG\CTIMEDANIMATIONFRAME.OBJ
C:\USERS\DAMIAN\DOCUMENTS\GITHUB\SCIGAME\GAMESCI\DEBUG\CDRAWABLEMANAGER.OBJ
C:\USERS\DAMIAN\DOCUMENTS\GITHUB\SCIGAME\GAMESCI\DEBUG\IDRAWABLE.OBJ
C:\USERS\DAMIAN\DOCUMENTS\GITHUB\SCIGAME\GAMESCI\DEBUG\CGAME.OBJ
C:\USERS\DAMIAN\DOCUMENTS\GITHUB\SCIGAME\GAMESCI\DEBUG\CGAMEPROPERTIES.OBJ
C:\USERS\DAMIAN\DOCUMENTS\GITHUB\SCIGAME\GAMESCI\DEBUG\CLOGIC.OBJ
C:\USERS\DAMIAN\DOCUMENTS\GITHUB\SCIGAME\GAMESCI\DEBUG\CPHYSICALMANAGER.OBJ
C:\USERS\DAMIAN\DOCUMENTS\GITHUB\SCIGAME\GAMESCI\DEBUG\CPHYSICAL.OBJ
C:\USERS\DAMIAN\DOCUMENTS\GITHUB\SCIGAME\GAMESCI\DEBUG\CACTOR.OBJ
C:\USERS\DAMIAN\DOCUMENTS\GITHUB\SCIGAME\GAMESCI\DEBUG\CENEMY.OBJ
C:\USERS\DAMIAN\DOCUMENTS\GITHUB\SCIGAME\GAMESCI\DEBUG\CPLAYER.OBJ
C:\USERS\DAMIAN\DOCUMENTS\GITHUB\SCIGAME\GAMESCI\DEBUG\CWEATHER.OBJ
C:\USERS\DAMIAN\DOCUMENTS\GITHUB\SCIGAME\GAMESCI\DEBUG\CACTORTEMPLATE.OBJ
C:\USERS\DAMIAN\DOCUMENTS\GITHUB\SCIGAME\GAMESCI\DEBUG\CENEMYTEMPLATE.OBJ
C:\USERS\DAMIAN\DOCUMENTS\GITHUB\SCIGAME\GAMESCI\DEBUG\CPHYSICALTEMPLATE.OBJ
C:\USERS\DAMIAN\DOCUMENTS\GITHUB\SCIGAME\GAMESCI\DEBUG\CPLAYERTEMPLATE.OBJ
C:\USERS\DAMIAN\DOCUMENTS\GITHUB\SCIGAME\GAMESCI\DEBUG\CMAPOBJECTTYPE.OBJ
C:\USERS\DAMIAN\DOCUMENTS\GITHUB\SCIGAME\GAMESCI\DEBUG\CROBOT.OBJ
C:\USERS\DAMIAN\DOCUMENTS\GITHUB\SCIGAME\GAMESCI\DEBUG\CBULLETTEMPLATE.OBJ
C:\USERS\DAMIAN\DOCUMENTS\GITHUB\SCIGAME\GAMESCI\DEBUG\CBULLET.OBJ
C:\USERS\DAMIAN\DOCUMENTS\GITHUB\SCIGAME\GAMESCI\DEBUG\MAIN.OBJ
C:\USERS\DAMIAN\DOCUMENTS\GITHUB\SCIGAME\GAMESCI\DEBUG\CFONT.OBJ
C:\USERS\DAMIAN\DOCUMENTS\GITHUB\SCIGAME\GAMESCI\DEBUG\CMUSIC.OBJ
C:\USERS\DAMIAN\DOCUMENTS\GITHUB\SCIGAME\GAMESCI\DEBUG\CRESOURCEMANAGER.OBJ
C:\USERS\DAMIAN\DOCUMENTS\GITHUB\SCIGAME\GAMESCI\DEBUG\CSOUND.OBJ
C:\USERS\DAMIAN\DOCUMENTS\GITHUB\SCIGAME\GAMESCI\DEBUG\CTEXTURE.OBJ
C:\USERS\DAMIAN\DOCUMENTS\GITHUB\SCIGAME\GAMESCI\DEBUG\IRESOURCE.OBJ
C:\USERS\DAMIAN\DOCUMENTS\GITHUB\SCIGAME\GAMESCI\DEBUG\CSINGLETONCLEANER.OBJ
C:\USERS\DAMIAN\DOCUMENTS\GITHUB\SCIGAME\GAMESCI\DEBUG\STRINGUTILS.OBJ
C:\USERS\DAMIAN\DOCUMENTS\GITHUB\SCIGAME\GAMESCI\DEBUG\CCLOCK.OBJ
C:\USERS\DAMIAN\DOCUMENTS\GITHUB\SCIGAME\GAMESCI\DEBUG\CFPS.OBJ
C:\USERS\DAMIAN\DOCUMENTS\GITHUB\SCIGAME\GAMESCI\DEBUG\CXML.OBJ
C:\USERS\DAMIAN\DOCUMENTS\GITHUB\SCIGAME\GAMESCI\DEBUG\CDISPLAYABLE.OBJ
C:\USERS\DAMIAN\DOCUMENTS\GITHUB\SCIGAME\GAMESCI\DEBUG\CSPRITE.OBJ
C:\USERS\DAMIAN\DOCUMENTS\GITHUB\SCIGAME\GAMESCI\DEBUG\CANIMATION.OBJ
C:\USERS\DAMIAN\DOCUMENTS\GITHUB\SCIGAME\GAMESCI\DEBUG\CANIMATIONFRAME.OBJ
C:\USERS\DAMIAN\DOCUMENTS\GITHUB\SCIGAME\GAMESCI\DEBUG\CMAPA.OBJ
C:\USERS\DAMIAN\DOCUMENTS\GITHUB\SCIGAME\GAMESCI\DEBUG\CMAPOBJECTDESCRIPTOR.OBJ
C:\USERS\DAMIAN\DOCUMENTS\GITHUB\SCIGAME\GAMESCI\DEBUG\VC110.PDB
C:\USERS\DAMIAN\DOCUMENTS\GITHUB\SCIGAME\GAMESCI\DEBUG\CFLORA.OBJ
E:\SCIGAME\DEBUG\GAMESCI.ILK
E:\SCIGAME\DEBUG\GAMESCI.EXE
E:\SCIGAME\DEBUG\GAMESCI.PDB
C:\USERS\DAMIAN\DOCUMENTS\GITHUB\SCIGAME\DEBUG\GAMESCI.ILK
C:\USERS\DAMIAN\DOCUMENTS\GITHUB\SCIGAME\DEBUG\GAMESCI.EXE
C:\USERS\DAMIAN\DOCUMENTS\GITHUB\SCIGAME\DEBUG\GAMESCI.PDB
C:\Users\Damian\Documents\GitHub\SCIGame\GameSCI\Debug\GameSCI.vcxprojResolveAssemblyReference.cache
C:\Users\Damian\Documents\GitHub\SCIGame\GameSCI\Debug\CActor.obj
C:\Users\Damian\Documents\GitHub\SCIGame\GameSCI\Debug\CActorTemplate.obj
C:\Users\Damian\Documents\GitHub\SCIGame\GameSCI\Debug\CAnimation.obj
C:\Users\Damian\Documents\GitHub\SCIGame\GameSCI\Debug\CAnimationFrame.obj
C:\Users\Damian\Documents\GitHub\SCIGame\GameSCI\Debug\CAnimationManager.obj
C:\Users\Damian\Documents\GitHub\SCIGame\GameSCI\Debug\CAnimationState.obj
C:\Users\Damian\Documents\GitHub\SCIGame\GameSCI\Debug\CAnimSet.obj
C:\Users\Damian\Documents\GitHub\SCIGame\GameSCI\Debug\CBullet.obj
C:\Users\Damian\Documents\GitHub\SCIGame\GameSCI\Debug\CBulletTemplate.obj
C:\Users\Damian\Documents\GitHub\SCIGame\GameSCI\Debug\CClock.obj
C:\Users\Damian\Documents\GitHub\SCIGame\GameSCI\Debug\CDrawableManager.obj
C:\Users\Damian\Documents\GitHub\SCIGame\GameSCI\Debug\CEnemy.obj
C:\Users\Damian\Documents\GitHub\SCIGame\GameSCI\Debug\CEnemyTemplate.obj
C:\Users\Damian\Documents\GitHub\SCIGame\GameSCI\Debug\CFont.obj
C:\Users\Damian\Documents\GitHub\SCIGame\GameSCI\Debug\CFPS.obj
C:\Users\Damian\Documents\GitHub\SCIGame\GameSCI\Debug\CGameProperties.obj
C:\Users\Damian\Documents\GitHub\SCIGame\GameSCI\Debug\CLogic.obj
C:\Users\Damian\Documents\GitHub\SCIGame\GameSCI\Debug\CMapObjectDescriptor.obj
C:\Users\Damian\Documents\GitHub\SCIGame\GameSCI\Debug\CMapObjectType.obj
C:\Users\Damian\Documents\GitHub\SCIGame\GameSCI\Debug\CMusic.obj
C:\Users\Damian\Documents\GitHub\SCIGame\GameSCI\Debug\CNameAnimPairTranslator.obj
C:\Users\Damian\Documents\GitHub\SCIGame\GameSCI\Debug\CPhysical.obj
C:\Users\Damian\Documents\GitHub\SCIGame\GameSCI\Debug\CPhysicalManager.obj
C:\Users\Damian\Documents\GitHub\SCIGame\GameSCI\Debug\CPlayer.obj
C:\Users\Damian\Documents\GitHub\SCIGame\GameSCI\Debug\CPlayerTemplate.obj
C:\Users\Damian\Documents\GitHub\SCIGame\GameSCI\Debug\CRobot.obj
C:\Users\Damian\Documents\GitHub\SCIGame\GameSCI\Debug\CSingletonCleaner.obj
C:\Users\Damian\Documents\GitHub\SCIGame\GameSCI\Debug\CSound.obj
C:\Users\Damian\Documents\GitHub\SCIGame\GameSCI\Debug\CSprite.obj
C:\Users\Damian\Documents\GitHub\SCIGame\GameSCI\Debug\CTexture.obj
C:\Users\Damian\Documents\GitHub\SCIGame\GameSCI\Debug\CTimedAnimationFrame.obj
C:\Users\Damian\Documents\GitHub\SCIGame\GameSCI\Debug\CWeather.obj
C:\Users\Damian\Documents\GitHub\SCIGame\GameSCI\Debug\CXml.obj
C:\Users\Damian\Documents\GitHub\SCIGame\GameSCI\Debug\IDrawable.obj
C:\Users\Damian\Documents\GitHub\SCIGame\GameSCI\Debug\IResource.obj
C:\Users\Damian\Documents\GitHub\SCIGame\GameSCI\Debug\main.obj
C:\Users\Damian\Documents\GitHub\SCIGame\GameSCI\Debug\StringUtils.obj
C:\Users\Damian\Documents\GitHub\SCIGame\GameSCI\Debug\cl.command.1.tlog
C:\Users\Damian\Documents\GitHub\SCIGame\GameSCI\Debug\CL.read.1.tlog
C:\Users\Damian\Documents\GitHub\SCIGame\GameSCI\Debug\CL.write.1.tlog
C:\Users\Damian\Documents\GitHub\SCIGame\GameSCI\Debug\GameSCI.write.1.tlog
C:\Users\Damian\Documents\GitHub\SCIGame\GameSCI\Debug\link-cvtres.read.1.tlog
C:\Users\Damian\Documents\GitHub\SCIGame\GameSCI\Debug\link-cvtres.write.1.tlog
C:\Users\Damian\Documents\GitHub\SCIGame\GameSCI\Debug\link-rc.read.1.tlog
C:\Users\Damian\Documents\GitHub\SCIGame\GameSCI\Debug\link-rc.write.1.tlog
C:\Users\Damian\Documents\GitHub\SCIGame\GameSCI\Debug\link.1076-cvtres.read.1.tlog
C:\Users\Damian\Documents\GitHub\SCIGame\GameSCI\Debug\link.1076-cvtres.write.1.tlog
C:\Users\Damian\Documents\GitHub\SCIGame\GameSCI\Debug\link.1076-rc.read.1.tlog
C:\Users\Damian\Documents\GitHub\SCIGame\GameSCI\Debug\link.1076-rc.write.1.tlog
C:\Users\Damian\Documents\GitHub\SCIGame\GameSCI\Debug\link.1076.read.1.tlog
C:\Users\Damian\Documents\GitHub\SCIGame\GameSCI\Debug\link.1076.write.1.tlog
C:\Users\Damian\Documents\GitHub\SCIGame\GameSCI\Debug\link.2076-cvtres.read.1.tlog
C:\Users\Damian\Documents\GitHub\SCIGame\GameSCI\Debug\link.2076-cvtres.write.1.tlog
C:\Users\Damian\Documents\GitHub\SCIGame\GameSCI\Debug\link.2076.read.1.tlog
C:\Users\Damian\Documents\GitHub\SCIGame\GameSCI\Debug\link.2076.write.1.tlog
C:\Users\Damian\Documents\GitHub\SCIGame\GameSCI\Debug\link.3172-cvtres.read.1.tlog
C:\Users\Damian\Documents\GitHub\SCIGame\GameSCI\Debug\link.3172-cvtres.write.1.tlog
C:\Users\Damian\Documents\GitHub\SCIGame\GameSCI\Debug\link.3172.read.1.tlog
C:\Users\Damian\Documents\GitHub\SCIGame\GameSCI\Debug\link.3172.write.1.tlog
C:\Users\Damian\Documents\GitHub\SCIGame\GameSCI\Debug\link.5252-cvtres.read.1.tlog
C:\Users\Damian\Documents\GitHub\SCIGame\GameSCI\Debug\link.5252-cvtres.write.1.tlog
C:\Users\Damian\Documents\GitHub\SCIGame\GameSCI\Debug\link.5252-rc.read.1.tlog
C:\Users\Damian\Documents\GitHub\SCIGame\GameSCI\Debug\link.5252-rc.write.1.tlog
C:\Users\Damian\Documents\GitHub\SCIGame\GameSCI\Debug\link.5252.read.1.tlog
C:\Users\Damian\Documents\GitHub\SCIGame\GameSCI\Debug\link.5252.write.1.tlog
C:\Users\Damian\Documents\GitHub\SCIGame\GameSCI\Debug\link.6736-cvtres.read.1.tlog
C:\Users\Damian\Documents\GitHub\SCIGame\GameSCI\Debug\link.6736-cvtres.write.1.tlog
C:\Users\Damian\Documents\GitHub\SCIGame\GameSCI\Debug\link.6736-rc.read.1.tlog
C:\Users\Damian\Documents\GitHub\SCIGame\GameSCI\Debug\link.6736-rc.write.1.tlog
C:\Users\Damian\Documents\GitHub\SCIGame\GameSCI\Debug\link.6736.read.1.tlog
C:\Users\Damian\Documents\GitHub\SCIGame\GameSCI\Debug\link.6736.write.1.tlog
C:\Users\Damian\Documents\GitHub\SCIGame\GameSCI\Debug\link.8124-cvtres.read.1.tlog
C:\Users\Damian\Documents\GitHub\SCIGame\GameSCI\Debug\link.8124-cvtres.write.1.tlog
C:\Users\Damian\Documents\GitHub\SCIGame\GameSCI\Debug\link.8124-rc.read.1.tlog
C:\Users\Damian\Documents\GitHub\SCIGame\GameSCI\Debug\link.8124-rc.write.1.tlog
C:\Users\Damian\Documents\GitHub\SCIGame\GameSCI\Debug\link.8124.read.1.tlog
C:\Users\Damian\Documents\GitHub\SCIGame\GameSCI\Debug\link.8124.write.1.tlog
C:\Users\Damian\Documents\GitHub\SCIGame\GameSCI\Debug\link.command.1.tlog
C:\Users\Damian\Documents\GitHub\SCIGame\GameSCI\Debug\link.read.1.tlog
C:\Users\Damian\Documents\GitHub\SCIGame\GameSCI\Debug\link.write.1.tlog
C:\Users\Damian\Documents\GitHub\SCIGame\GameSCI\Debug\mt.command.1.tlog
C:\Users\Damian\Documents\GitHub\SCIGame\GameSCI\Debug\mt.read.1.tlog
C:\Users\Damian\Documents\GitHub\SCIGame\GameSCI\Debug\mt.write.1.tlog
C:\Users\Damian\Documents\GitHub\SCIGame\GameSCI\Debug\rc.command.1.tlog
C:\Users\Damian\Documents\GitHub\SCIGame\GameSCI\Debug\rc.read.1.tlog
C:\Users\Damian\Documents\GitHub\SCIGame\GameSCI\Debug\rc.write.1.tlog
C:\Users\Damian\Documents\GitHub\SCIGame\GameSCI\Debug\GameSCI.exe.embed.manifest
C:\Users\Damian\Documents\GitHub\SCIGame\GameSCI\Debug\GameSCI.exe.intermediate.manifest
C:\Users\Damian\Documents\GitHub\SCIGame\GameSCI\Debug\GameSCI.exe.embed.manifest.res
C:\Users\Damian\Documents\GitHub\SCIGame\GameSCI\Debug\vc100.idb
C:\Users\Damian\Documents\GitHub\SCIGame\GameSCI\Debug\vc110.idb
C:\Users\Damian\Documents\GitHub\SCIGame\GameSCI\Debug\vc100.pdb
C:\Users\Damian\Documents\GitHub\SCIGame\GameSCI\Debug\vc110.pdb
C:\Users\Damian\Documents\GitHub\SCIGame\GameSCI\Debug\GameSCI_manifest.rc
C:\Users\Damian\Documents\GitHub\SCIGame\Debug\GameSCI.pdb
C:\Users\Damian\Documents\GitHub\SCIGame\Debug\GameSCI.exe
C:\Users\Damian\Documents\GitHub\SCIGame\Debug\GameSCI.ilk
